[0701/184037.091:ERROR:process_reader_win.cc(123)] NtOpenThread: {Access Denied} A process has requested access to an object, but has not been granted those access rights. (0xc0000022)
[0701/184037.157:ERROR:exception_snapshot_win.cc(98)] thread ID 11788 not found in process
[0701/184037.463:ERROR:process_reader_win.cc(123)] NtOpenThread: {Access Denied} A process has requested access to an object, but has not been granted those access rights. (0xc0000022)
[0701/184037.463:ERROR:exception_snapshot_win.cc(98)] thread ID 11004 not found in process
[0702/211603.628:ERROR:process_reader_win.cc(151)] SuspendThread: Access is denied. (0x5)
[0702/211558.087:ERROR:process_reader_win.cc(151)] SuspendThread: Access is denied. (0x5)
[0702/211553.897:ERROR:process_reader_win.cc(123)] NtOpenThread: {Access Denied} A process has requested access to an object, but has not been granted those access rights. (0xc0000022)
[0702/211608.316:ERROR:process_reader_win.cc(123)] NtOpenThread: {Access Denied} A process has requested access to an object, but has not been granted those access rights. (0xc0000022)
[0702/211612.749:ERROR:process_reader_win.cc(123)] NtOpenThread: An invalid Client ID was specified. (0xc000000b)
[0702/211615.645:ERROR:exception_snapshot_win.cc(98)] thread ID 2944 not found in process
[0702/211625.388:ERROR:exception_snapshot_win.cc(98)] thread ID 11532 not found in process
[0702/211615.676:ERROR:process_reader_win.cc(151)] SuspendThread: Access is denied. (0x5)
[0702/211631.977:ERROR:scoped_process_suspend.cc(40)] NtResumeProcess: An attempt was made to access an exiting process. (0xc000010a)
[0702/211632.509:ERROR:scoped_process_suspend.cc(40)] NtResumeProcess: An attempt was made to access an exiting process. (0xc000010a)
[0702/211631.276:ERROR:exception_snapshot_win.cc(98)] thread ID 2488 not found in process
[0702/211636.151:ERROR:process_reader_win.cc(151)] SuspendThread: Access is denied. (0x5)
[0702/211632.926:ERROR:process_reader_win.cc(123)] NtOpenThread: An invalid Client ID was specified. (0xc000000b)
[0702/211637.681:ERROR:process_reader_win.cc(123)] NtOpenThread: {Access Denied} A process has requested access to an object, but has not been granted those access rights. (0xc0000022)
[0702/211636.183:ERROR:scoped_process_suspend.cc(40)] NtResumeProcess: An attempt was made to access an exiting process. (0xc000010a)
[0702/211640.387:ERROR:exception_snapshot_win.cc(98)] thread ID 5268 not found in process
[0702/211638.736:ERROR:exception_snapshot_win.cc(98)] thread ID 10280 not found in process
[0702/211641.115:ERROR:scoped_process_suspend.cc(40)] NtResumeProcess: An attempt was made to access an exiting process. (0xc000010a)
[0702/211641.305:ERROR:scoped_process_suspend.cc(40)] NtResumeProcess: An attempt was made to access an exiting process. (0xc000010a)
[0702/211646.632:ERROR:process_reader_win.cc(123)] NtOpenThread: {Access Denied} A process has requested access to an object, but has not been granted those access rights. (0xc0000022)
[0702/211646.806:ERROR:exception_snapshot_win.cc(98)] thread ID 14048 not found in process
[0702/211646.833:ERROR:scoped_process_suspend.cc(40)] NtResumeProcess: An attempt was made to access an exiting process. (0xc000010a)
[0702/230329.502:ERROR:process_reader_win.cc(123)] NtOpenThread: {Access Denied} A process has requested access to an object, but has not been granted those access rights. (0xc0000022)
[0702/230330.352:ERROR:exception_snapshot_win.cc(98)] thread ID 13084 not found in process
[0702/230334.015:ERROR:process_reader_win.cc(123)] NtOpenThread: {Access Denied} A process has requested access to an object, but has not been granted those access rights. (0xc0000022)
[0702/230334.067:ERROR:exception_snapshot_win.cc(98)] thread ID 11808 not found in process
[0702/230334.571:ERROR:process_reader_win.cc(123)] NtOpenThread: {Access Denied} A process has requested access to an object, but has not been granted those access rights. (0xc0000022)
[0702/230334.602:ERROR:exception_snapshot_win.cc(98)] thread ID 16128 not found in process
[0702/230334.998:ERROR:process_reader_win.cc(123)] NtOpenThread: {Access Denied} A process has requested access to an object, but has not been granted those access rights. (0xc0000022)
[0702/230335.134:ERROR:exception_snapshot_win.cc(98)] thread ID 7436 not found in process
[0702/230336.402:ERROR:process_reader_win.cc(123)] NtOpenThread: {Access Denied} A process has requested access to an object, but has not been granted those access rights. (0xc0000022)
[0702/230336.454:ERROR:exception_snapshot_win.cc(98)] thread ID 14324 not found in process
[0702/230338.326:ERROR:process_reader_win.cc(123)] NtOpenThread: {Access Denied} A process has requested access to an object, but has not been granted those access rights. (0xc0000022)
[0702/230338.362:ERROR:exception_snapshot_win.cc(98)] thread ID 6884 not found in process
[0702/230345.620:ERROR:process_reader_win.cc(123)] NtOpenThread: {Access Denied} A process has requested access to an object, but has not been granted those access rights. (0xc0000022)
[0702/230345.752:ERROR:exception_snapshot_win.cc(98)] thread ID 1072 not found in process
[0702/230347.448:ERROR:process_reader_win.cc(123)] NtOpenThread: {Access Denied} A process has requested access to an object, but has not been granted those access rights. (0xc0000022)
[0702/230347.480:ERROR:exception_snapshot_win.cc(98)] thread ID 12172 not found in process
[0702/235717.272:ERROR:process_reader_win.cc(123)] NtOpenThread: {Access Denied} A process has requested access to an object, but has not been granted those access rights. (0xc0000022)
[0702/235717.476:ERROR:exception_snapshot_win.cc(98)] thread ID 6164 not found in process
[0702/235717.772:ERROR:process_reader_win.cc(123)] NtOpenThread: {Access Denied} A process has requested access to an object, but has not been granted those access rights. (0xc0000022)
[0702/235717.788:ERROR:exception_snapshot_win.cc(98)] thread ID 11648 not found in process
[0702/235717.924:ERROR:process_reader_win.cc(123)] NtOpenThread: {Access Denied} A process has requested access to an object, but has not been granted those access rights. (0xc0000022)
[0702/235717.924:ERROR:exception_snapshot_win.cc(98)] thread ID 3440 not found in process
[0702/235718.297:ERROR:process_reader_win.cc(123)] NtOpenThread: {Access Denied} A process has requested access to an object, but has not been granted those access rights. (0xc0000022)
[0702/235718.297:ERROR:exception_snapshot_win.cc(98)] thread ID 15512 not found in process
[0703/130202.209:ERROR:process_reader_win.cc(123)] NtOpenThread: {Access Denied} A process has requested access to an object, but has not been granted those access rights. (0xc0000022)
[0703/130202.222:ERROR:process_reader_win.cc(123)] NtOpenThread: {Access Denied} A process has requested access to an object, but has not been granted those access rights. (0xc0000022)
[0703/130202.208:ERROR:process_reader_win.cc(123)] NtOpenThread: {Access Denied} A process has requested access to an object, but has not been granted those access rights. (0xc0000022)
[0703/130202.463:ERROR:exception_snapshot_win.cc(98)] thread ID 8184 not found in process
[0703/130202.472:ERROR:exception_snapshot_win.cc(98)] thread ID 15656 not found in process
[0703/130202.472:ERROR:exception_snapshot_win.cc(98)] thread ID 14508 not found in process
[0703/130202.496:ERROR:scoped_process_suspend.cc(40)] NtResumeProcess: An attempt was made to access an exiting process. (0xc000010a)
[0703/134237.825:ERROR:process_reader_win.cc(123)] NtOpenThread: {Access Denied} A process has requested access to an object, but has not been granted those access rights. (0xc0000022)
[0703/134237.825:ERROR:process_reader_win.cc(123)] NtOpenThread: {Access Denied} A process has requested access to an object, but has not been granted those access rights. (0xc0000022)
[0703/134237.853:ERROR:process_reader_win.cc(123)] NtOpenThread: {Access Denied} A process has requested access to an object, but has not been granted those access rights. (0xc0000022)
[0703/134237.857:ERROR:process_reader_win.cc(123)] NtOpenThread: {Access Denied} A process has requested access to an object, but has not been granted those access rights. (0xc0000022)
[0703/134237.881:ERROR:process_reader_win.cc(123)] NtOpenThread: {Access Denied} A process has requested access to an object, but has not been granted those access rights. (0xc0000022)
[0703/134237.881:ERROR:process_reader_win.cc(123)] NtOpenThread: {Access Denied} A process has requested access to an object, but has not been granted those access rights. (0xc0000022)
[0703/134237.905:ERROR:exception_snapshot_win.cc(98)] thread ID 5000 not found in process
[0703/134237.905:ERROR:exception_snapshot_win.cc(98)] thread ID 15308 not found in process
[0703/134237.857:ERROR:process_reader_win.cc(123)] NtOpenThread: {Access Denied} A process has requested access to an object, but has not been granted those access rights. (0xc0000022)
[0703/134237.869:ERROR:process_reader_win.cc(123)] NtOpenThread: {Access Denied} A process has requested access to an object, but has not been granted those access rights. (0xc0000022)
[0703/134238.369:ERROR:exception_snapshot_win.cc(98)] thread ID 10504 not found in process
[0703/134237.905:ERROR:exception_snapshot_win.cc(98)] thread ID 15116 not found in process
[0703/134237.909:ERROR:exception_snapshot_win.cc(98)] thread ID 15088 not found in process
[0703/134237.909:ERROR:exception_snapshot_win.cc(98)] thread ID 15304 not found in process
[0703/134237.909:ERROR:exception_snapshot_win.cc(98)] thread ID 11380 not found in process
[0703/134238.357:ERROR:exception_snapshot_win.cc(98)] thread ID 8316 not found in process
[0703/143933.518:ERROR:process_reader_win.cc(123)] NtOpenThread: {Access Denied} A process has requested access to an object, but has not been granted those access rights. (0xc0000022)
[0703/143933.605:ERROR:exception_snapshot_win.cc(98)] thread ID 6280 not found in process
